# JRE version: OpenJDK Runtime Environment (11.0.10) (build 11.0.10+0-b96-7249189)
# Java VM: OpenJDK 64-Bit Server VM (11.0.10+0-b96-7249189, mixed mode, tiered, compressed oops, g1 gc, windows-amd64)
Heap:
 garbage-first heap   total 793600K, used 346112K [0x0000000080000000, 0x0000000100000000)
  region size 1024K, 5 young (5120K), 5 survivors (5120K)
 Metaspace       used 157841K, capacity 162624K, committed 162764K, reserved 1191936K
  class space    used 19395K, capacity 21158K, committed 21196K, reserved 1048576K
GC Heap History (20 events):
Event: 3585.612 GC heap after
{Heap after GC invocations=139 (full 0):
 garbage-first heap   total 270336K, used 170444K [0x0000000080000000, 0x0000000100000000)
  region size 1024K, 2 young (2048K), 2 survivors (2048K)
 Metaspace       used 157562K, capacity 162469K, committed 162764K, reserved 1191936K
  class space    used 19386K, capacity 21153K, committed 21196K, reserved 1048576K
}
Event: 3585.662 GC heap before
{Heap before GC invocations=139 (full 0):
 garbage-first heap   total 270336K, used 176588K [0x0000000080000000, 0x0000000100000000)
  region size 1024K, 10 young (10240K), 2 survivors (2048K)
 Metaspace       used 157567K, capacity 162469K, committed 162764K, reserved 1191936K
  class space    used 19386K, capacity 21153K, committed 21196K, reserved 1048576K
}
Event: 3585.672 GC heap after
{Heap after GC invocations=140 (full 0):
 garbage-first heap   total 324608K, used 171651K [0x0000000080000000, 0x0000000100000000)
  region size 1024K, 4 young (4096K), 4 survivors (4096K)
 Metaspace       used 157567K, capacity 162469K, committed 162764K, reserved 1191936K
  class space    used 19386K, capacity 21153K, committed 21196K, reserved 1048576K
}
Event: 3586.174 GC heap before
{Heap before GC invocations=141 (full 0):
 garbage-first heap   total 324608K, used 280195K [0x0000000080000000, 0x0000000100000000)
  region size 1024K, 60 young (61440K), 4 survivors (4096K)
 Metaspace       used 157667K, capacity 162472K, committed 162764K, reserved 1191936K
  class space    used 19391K, capacity 21153K, committed 21196K, reserved 1048576K
}
Event: 3586.192 GC heap after
{Heap after GC invocations=142 (full 0):
 garbage-first heap   total 324608K, used 223959K [0x0000000080000000, 0x0000000100000000)
  region size 1024K, 8 young (8192K), 8 survivors (8192K)
 Metaspace       used 157667K, capacity 162472K, committed 162764K, reserved 1191936K
  class space    used 19391K, capacity 21153K, committed 21196K, reserved 1048576K
}
Event: 3586.229 GC heap before
{Heap before GC invocations=142 (full 0):
 garbage-first heap   total 324608K, used 230103K [0x0000000080000000, 0x0000000100000000)
  region size 1024K, 15 young (15360K), 8 survivors (8192K)
 Metaspace       used 157667K, capacity 162472K, committed 162764K, reserved 1191936K
  class space    used 19391K, capacity 21153K, committed 21196K, reserved 1048576K
}
Event: 3586.243 GC heap after
{Heap after GC invocations=143 (full 0):
 garbage-first heap   total 324608K, used 224906K [0x0000000080000000, 0x0000000100000000)
  region size 1024K, 2 young (2048K), 2 survivors (2048K)
 Metaspace       used 157667K, capacity 162472K, committed 162764K, reserved 1191936K
  class space    used 19391K, capacity 21153K, committed 21196K, reserved 1048576K
}
Event: 3586.302 GC heap before
{Heap before GC invocations=143 (full 0):
 garbage-first heap   total 324608K, used 236170K [0x0000000080000000, 0x0000000100000000)
  region size 1024K, 14 young (14336K), 2 survivors (2048K)
 Metaspace       used 157667K, capacity 162472K, committed 162764K, reserved 1191936K
  class space    used 19391K, capacity 21153K, committed 21196K, reserved 1048576K
}
Event: 3586.318 GC heap after
{Heap after GC invocations=144 (full 0):
 garbage-first heap   total 324608K, used 229171K [0x0000000080000000, 0x0000000100000000)
  region size 1024K, 5 young (5120K), 5 survivors (5120K)
 Metaspace       used 157667K, capacity 162472K, committed 162764K, reserved 1191936K
  class space    used 19391K, capacity 21153K, committed 21196K, reserved 1048576K
}
Event: 3586.509 GC heap before
{Heap before GC invocations=144 (full 0):
 garbage-first heap   total 324608K, used 256819K [0x0000000080000000, 0x0000000100000000)
  region size 1024K, 31 young (31744K), 5 survivors (5120K)
 Metaspace       used 157680K, capacity 162474K, committed 162764K, reserved 1191936K
  class space    used 19391K, capacity 21153K, committed 21196K, reserved 1048576K
}
Event: 3586.531 GC heap after
{Heap after GC invocations=145 (full 0):
 garbage-first heap   total 324608K, used 239796K [0x0000000080000000, 0x0000000100000000)
  region size 1024K, 4 young (4096K), 4 survivors (4096K)
 Metaspace       used 157680K, capacity 162474K, committed 162764K, reserved 1191936K
  class space    used 19391K, capacity 21153K, committed 21196K, reserved 1048576K
}
Event: 3586.708 GC heap before
{Heap before GC invocations=145 (full 0):
 garbage-first heap   total 324608K, used 267444K [0x0000000080000000, 0x0000000100000000)
  region size 1024K, 27 young (27648K), 4 survivors (4096K)
 Metaspace       used 157693K, capacity 162489K, committed 162764K, reserved 1191936K
  class space    used 19394K, capacity 21158K, committed 21196K, reserved 1048576K
}
Event: 3586.744 GC heap after
{Heap after GC invocations=146 (full 0):
 garbage-first heap   total 442368K, used 253937K [0x0000000080000000, 0x0000000100000000)
  region size 1024K, 4 young (4096K), 4 survivors (4096K)
 Metaspace       used 157693K, capacity 162489K, committed 162764K, reserved 1191936K
  class space    used 19394K, capacity 21158K, committed 21196K, reserved 1048576K
}
Event: 3587.129 GC heap before
{Heap before GC invocations=147 (full 0):
 garbage-first heap   total 442368K, used 312305K [0x0000000080000000, 0x0000000100000000)
  region size 1024K, 62 young (63488K), 4 survivors (4096K)
 Metaspace       used 157824K, capacity 162621K, committed 162764K, reserved 1191936K
  class space    used 19395K, capacity 21158K, committed 21196K, reserved 1048576K
}
Event: 3587.174 GC heap after
{Heap after GC invocations=148 (full 0):
 garbage-first heap   total 442368K, used 282830K [0x0000000080000000, 0x0000000100000000)
  region size 1024K, 8 young (8192K), 8 survivors (8192K)
 Metaspace       used 157824K, capacity 162621K, committed 162764K, reserved 1191936K
  class space    used 19395K, capacity 21158K, committed 21196K, reserved 1048576K
}
Event: 3587.380 GC heap before
{Heap before GC invocations=148 (full 0):
 garbage-first heap   total 442368K, used 330958K [0x0000000080000000, 0x0000000100000000)
  region size 1024K, 55 young (56320K), 8 survivors (8192K)
 Metaspace       used 157837K, capacity 162624K, committed 162764K, reserved 1191936K
  class space    used 19395K, capacity 21158K, committed 21196K, reserved 1048576K
}
Event: 3587.430 GC heap after
{Heap after GC invocations=149 (full 0):
 garbage-first heap   total 442368K, used 308723K [0x0000000080000000, 0x0000000100000000)
  region size 1024K, 7 young (7168K), 7 survivors (7168K)
 Metaspace       used 157837K, capacity 162624K, committed 162764K, reserved 1191936K
  class space    used 19395K, capacity 21158K, committed 21196K, reserved 1048576K
}
Event: 3587.605 GC heap before
{Heap before GC invocations=149 (full 0):
 garbage-first heap   total 442368K, used 346611K [0x0000000080000000, 0x0000000100000000)
  region size 1024K, 44 young (45056K), 7 survivors (7168K)
 Metaspace       used 157841K, capacity 162624K, committed 162764K, reserved 1191936K
  class space    used 19395K, capacity 21158K, committed 21196K, reserved 1048576K
}
Event: 3587.630 GC heap after
{Heap after GC invocations=150 (full 0):
 garbage-first heap   total 442368K, used 329216K [0x0000000080000000, 0x0000000100000000)
  region size 1024K, 6 young (6144K), 6 survivors (6144K)
 Metaspace       used 157841K, capacity 162624K, committed 162764K, reserved 1191936K
  class space    used 19395K, capacity 21158K, committed 21196K, reserved 1048576K
}
Event: 3587.758 GC heap before
{Heap before GC invocations=150 (full 0):
 garbage-first heap   total 442368K, used 358912K [0x0000000080000000, 0x0000000100000000)
  region size 1024K, 35 young (35840K), 6 survivors (6144K)
 Metaspace       used 157841K, capacity 162624K, committed 162764K, reserved 1191936K
  class space    used 19395K, capacity 21158K, committed 21196K, reserved 1048576K
}

