# JRE version: OpenJDK Runtime Environment (11.0.10) (build 11.0.10+0-b96-7249189)
# Java VM: OpenJDK 64-Bit Server VM (11.0.10+0-b96-7249189, mixed mode, tiered, compressed oops, g1 gc, windows-amd64)
Heap:
 garbage-first heap   total 699392K, used 157570K [0x0000000080000000, 0x0000000100000000)
  region size 1024K, 5 young (5120K), 5 survivors (5120K)
 Metaspace       used 127041K, capacity 130506K, committed 131148K, reserved 1163264K
  class space    used 15438K, capacity 16714K, committed 16972K, reserved 1048576K
GC Heap History (20 events):
Event: 2208.995 GC heap after
{Heap after GC invocations=93 (full 0):
 garbage-first heap   total 477184K, used 128733K [0x0000000080000000, 0x0000000100000000)
  region size 1024K, 3 young (3072K), 3 survivors (3072K)
 Metaspace       used 127025K, capacity 130446K, committed 131148K, reserved 1163264K
  class space    used 15439K, capacity 16717K, committed 16972K, reserved 1048576K
}
Event: 2209.067 GC heap before
{Heap before GC invocations=93 (full 0):
 garbage-first heap   total 477184K, used 149213K [0x0000000080000000, 0x0000000100000000)
  region size 1024K, 23 young (23552K), 3 survivors (3072K)
 Metaspace       used 127027K, capacity 130446K, committed 131148K, reserved 1163264K
  class space    used 15439K, capacity 16717K, committed 16972K, reserved 1048576K
}
Event: 2209.102 GC heap after
{Heap after GC invocations=94 (full 0):
 garbage-first heap   total 477184K, used 131321K [0x0000000080000000, 0x0000000100000000)
  region size 1024K, 3 young (3072K), 3 survivors (3072K)
 Metaspace       used 127027K, capacity 130446K, committed 131148K, reserved 1163264K
  class space    used 15439K, capacity 16717K, committed 16972K, reserved 1048576K
}
Event: 2210.339 GC heap before
{Heap before GC invocations=95 (full 0):
 garbage-first heap   total 477184K, used 265465K [0x0000000080000000, 0x0000000100000000)
  region size 1024K, 135 young (138240K), 3 survivors (3072K)
 Metaspace       used 127031K, capacity 130505K, committed 131148K, reserved 1163264K
  class space    used 15437K, capacity 16714K, committed 16972K, reserved 1048576K
}
Event: 2210.367 GC heap after
{Heap after GC invocations=96 (full 0):
 garbage-first heap   total 477184K, used 142919K [0x0000000080000000, 0x0000000100000000)
  region size 1024K, 14 young (14336K), 14 survivors (14336K)
 Metaspace       used 127031K, capacity 130505K, committed 131148K, reserved 1163264K
  class space    used 15437K, capacity 16714K, committed 16972K, reserved 1048576K
}
Event: 2210.408 GC heap before
{Heap before GC invocations=96 (full 0):
 garbage-first heap   total 477184K, used 151111K [0x0000000080000000, 0x0000000100000000)
  region size 1024K, 23 young (23552K), 14 survivors (14336K)
 Metaspace       used 127031K, capacity 130505K, committed 131148K, reserved 1163264K
  class space    used 15437K, capacity 16714K, committed 16972K, reserved 1048576K
}
Event: 2210.494 GC heap after
{Heap after GC invocations=97 (full 0):
 garbage-first heap   total 477184K, used 141069K [0x0000000080000000, 0x0000000100000000)
  region size 1024K, 3 young (3072K), 3 survivors (3072K)
 Metaspace       used 127031K, capacity 130505K, committed 131148K, reserved 1163264K
  class space    used 15437K, capacity 16714K, committed 16972K, reserved 1048576K
}
Event: 2210.597 GC heap before
{Heap before GC invocations=97 (full 0):
 garbage-first heap   total 477184K, used 163597K [0x0000000080000000, 0x0000000100000000)
  region size 1024K, 25 young (25600K), 3 survivors (3072K)
 Metaspace       used 127031K, capacity 130505K, committed 131148K, reserved 1163264K
  class space    used 15437K, capacity 16714K, committed 16972K, reserved 1048576K
}
Event: 2210.613 GC heap after
{Heap after GC invocations=98 (full 0):
 garbage-first heap   total 477184K, used 142091K [0x0000000080000000, 0x0000000100000000)
  region size 1024K, 4 young (4096K), 4 survivors (4096K)
 Metaspace       used 127031K, capacity 130505K, committed 131148K, reserved 1163264K
  class space    used 15437K, capacity 16714K, committed 16972K, reserved 1048576K
}
Event: 2211.204 GC heap before
{Heap before GC invocations=99 (full 0):
 garbage-first heap   total 477184K, used 295691K [0x0000000080000000, 0x0000000100000000)
  region size 1024K, 154 young (157696K), 4 survivors (4096K)
 Metaspace       used 127033K, capacity 130505K, committed 131148K, reserved 1163264K
  class space    used 15438K, capacity 16714K, committed 16972K, reserved 1048576K
}
Event: 2211.245 GC heap after
{Heap after GC invocations=100 (full 0):
 garbage-first heap   total 477184K, used 151373K [0x0000000080000000, 0x0000000100000000)
  region size 1024K, 13 young (13312K), 13 survivors (13312K)
 Metaspace       used 127033K, capacity 130505K, committed 131148K, reserved 1163264K
  class space    used 15438K, capacity 16714K, committed 16972K, reserved 1048576K
}
Event: 2211.277 GC heap before
{Heap before GC invocations=100 (full 0):
 garbage-first heap   total 477184K, used 161613K [0x0000000080000000, 0x0000000100000000)
  region size 1024K, 23 young (23552K), 13 survivors (13312K)
 Metaspace       used 127033K, capacity 130505K, committed 131148K, reserved 1163264K
  class space    used 15438K, capacity 16714K, committed 16972K, reserved 1048576K
}
Event: 2211.361 GC heap after
{Heap after GC invocations=101 (full 0):
 garbage-first heap   total 477184K, used 150330K [0x0000000080000000, 0x0000000100000000)
  region size 1024K, 3 young (3072K), 3 survivors (3072K)
 Metaspace       used 127033K, capacity 130505K, committed 131148K, reserved 1163264K
  class space    used 15438K, capacity 16714K, committed 16972K, reserved 1048576K
}
Event: 2211.431 GC heap before
{Heap before GC invocations=101 (full 0):
 garbage-first heap   total 477184K, used 191290K [0x0000000080000000, 0x0000000100000000)
  region size 1024K, 43 young (44032K), 3 survivors (3072K)
 Metaspace       used 127034K, capacity 130505K, committed 131148K, reserved 1163264K
  class space    used 15438K, capacity 16714K, committed 16972K, reserved 1048576K
}
Event: 2211.445 GC heap after
{Heap after GC invocations=102 (full 0):
 garbage-first heap   total 477184K, used 150211K [0x0000000080000000, 0x0000000100000000)
  region size 1024K, 3 young (3072K), 3 survivors (3072K)
 Metaspace       used 127034K, capacity 130505K, committed 131148K, reserved 1163264K
  class space    used 15438K, capacity 16714K, committed 16972K, reserved 1048576K
}
Event: 2212.003 GC heap before
{Heap before GC invocations=103 (full 0):
 garbage-first heap   total 477184K, used 312003K [0x0000000080000000, 0x0000000100000000)
  region size 1024K, 161 young (164864K), 3 survivors (3072K)
 Metaspace       used 127035K, capacity 130505K, committed 131148K, reserved 1163264K
  class space    used 15438K, capacity 16714K, committed 16972K, reserved 1048576K
}
Event: 2212.021 GC heap after
{Heap after GC invocations=104 (full 0):
 garbage-first heap   total 477184K, used 155065K [0x0000000080000000, 0x0000000100000000)
  region size 1024K, 8 young (8192K), 8 survivors (8192K)
 Metaspace       used 127035K, capacity 130505K, committed 131148K, reserved 1163264K
  class space    used 15438K, capacity 16714K, committed 16972K, reserved 1048576K
}
Event: 2212.043 GC heap before
{Heap before GC invocations=104 (full 0):
 garbage-first heap   total 477184K, used 170425K [0x0000000080000000, 0x0000000100000000)
  region size 1024K, 23 young (23552K), 8 survivors (8192K)
 Metaspace       used 127035K, capacity 130505K, committed 131148K, reserved 1163264K
  class space    used 15438K, capacity 16714K, committed 16972K, reserved 1048576K
}
Event: 2212.087 GC heap after
{Heap after GC invocations=105 (full 0):
 garbage-first heap   total 477184K, used 155902K [0x0000000080000000, 0x0000000100000000)
  region size 1024K, 3 young (3072K), 3 survivors (3072K)
 Metaspace       used 127035K, capacity 130505K, committed 131148K, reserved 1163264K
  class space    used 15438K, capacity 16714K, committed 16972K, reserved 1048576K
}
Event: 2212.227 GC heap before
{Heap before GC invocations=105 (full 0):
 garbage-first heap   total 477184K, used 236798K [0x0000000080000000, 0x0000000100000000)
  region size 1024K, 82 young (83968K), 3 survivors (3072K)
 Metaspace       used 127041K, capacity 130506K, committed 131148K, reserved 1163264K
  class space    used 15438K, capacity 16714K, committed 16972K, reserved 1048576K
}

